c:\殷科的文件夹\study\sln\opengl实例源代码\opengl\myproject\myexplosion\debug\myexplosion.pch
c:\殷科的文件夹\study\sln\opengl实例源代码\opengl\myproject\myexplosion\debug\vc141.pdb
c:\殷科的文件夹\study\sln\opengl实例源代码\opengl\myproject\myexplosion\debug\vc141.idb
c:\殷科的文件夹\study\sln\opengl实例源代码\opengl\myproject\myexplosion\debug\stdafx.obj
c:\殷科的文件夹\study\sln\opengl实例源代码\opengl\myproject\myexplosion\debug\loadobj.obj
c:\殷科的文件夹\study\sln\opengl实例源代码\opengl\myproject\myexplosion\debug\mainfrm.obj
c:\殷科的文件夹\study\sln\opengl实例源代码\opengl\myproject\myexplosion\debug\myexplosion.obj
c:\殷科的文件夹\study\sln\opengl实例源代码\opengl\myproject\myexplosion\debug\myexplosiondoc.obj
c:\殷科的文件夹\study\sln\opengl实例源代码\opengl\myproject\myexplosion\debug\myexplosionview.obj
c:\殷科的文件夹\study\sln\opengl实例源代码\opengl\myproject\myexplosion\debug\mytexture.obj
c:\殷科的文件夹\study\sln\opengl实例源代码\opengl\myproject\myexplosion\debug\myexplosion.ilk
c:\殷科的文件夹\study\sln\opengl实例源代码\opengl\myproject\myexplosion\debug\myexplosion.exe
c:\殷科的文件夹\study\sln\opengl实例源代码\opengl\myproject\myexplosion\debug\myexplosion.pdb
c:\殷科的文件夹\study\sln\opengl实例源代码\opengl\myproject\myexplosion\debug\myexplosion.res
c:\殷科的文件夹\study\sln\opengl实例源代码\opengl\myproject\myexplosion\.\debug\myexplosion.exe
c:\殷科的文件夹\study\sln\opengl实例源代码\opengl\myproject\myexplosion\debug\myexplosion.tlog\cl.command.1.tlog
c:\殷科的文件夹\study\sln\opengl实例源代码\opengl\myproject\myexplosion\debug\myexplosion.tlog\cl.read.1.tlog
c:\殷科的文件夹\study\sln\opengl实例源代码\opengl\myproject\myexplosion\debug\myexplosion.tlog\cl.write.1.tlog
c:\殷科的文件夹\study\sln\opengl实例源代码\opengl\myproject\myexplosion\debug\myexplosion.tlog\link.command.1.tlog
c:\殷科的文件夹\study\sln\opengl实例源代码\opengl\myproject\myexplosion\debug\myexplosion.tlog\link.read.1.tlog
c:\殷科的文件夹\study\sln\opengl实例源代码\opengl\myproject\myexplosion\debug\myexplosion.tlog\link.write.1.tlog
c:\殷科的文件夹\study\sln\opengl实例源代码\opengl\myproject\myexplosion\debug\myexplosion.tlog\rc.command.1.tlog
c:\殷科的文件夹\study\sln\opengl实例源代码\opengl\myproject\myexplosion\debug\myexplosion.tlog\rc.read.1.tlog
c:\殷科的文件夹\study\sln\opengl实例源代码\opengl\myproject\myexplosion\debug\myexplosion.tlog\rc.write.1.tlog
