c:\殷科的文件夹\study\sln\opengl实例源代码\opengl\myproject\opengltext\debug\vc141.pdb
c:\殷科的文件夹\study\sln\opengl实例源代码\opengl\myproject\opengltext\debug\vc141.idb
c:\殷科的文件夹\study\sln\opengl实例源代码\opengl\myproject\opengltext\debug\opengltext.obj
c:\殷科的文件夹\study\sln\opengl实例源代码\opengl\myproject\opengltext\debug\stdafx.obj
c:\殷科的文件夹\newcode\myproject\opengltext\debug\vc141.pdb
c:\殷科的文件夹\newcode\myproject\opengltext\debug\vc141.idb
c:\殷科的文件夹\newcode\myproject\opengltext\debug\opengltext.obj
c:\殷科的文件夹\newcode\myproject\opengltext\debug\stdafx.obj
c:\殷科的文件夹\study\sln\opengl实例源代码\opengl\myproject\opengltext\debug\opengltext.ilk
c:\殷科的文件夹\study\sln\opengl实例源代码\opengl\myproject\opengltext\debug\opengltext.exe
c:\殷科的文件夹\study\sln\opengl实例源代码\opengl\myproject\opengltext\debug\opengltext.pdb
c:\殷科的文件夹\newcode\myproject\debug\opengltext.ilk
c:\殷科的文件夹\newcode\myproject\debug\opengltext.exe
c:\殷科的文件夹\newcode\myproject\debug\opengltext.pdb
c:\殷科的文件夹\newcode\myproject\opengltext\debug\opengltext.ilk
c:\殷科的文件夹\newcode\myproject\opengltext\debug\opengltext.pdb
c:\殷科的文件夹\newcode\myproject\opengltext\debug\opengltext.tlog\cl.command.1.tlog
c:\殷科的文件夹\newcode\myproject\opengltext\debug\opengltext.tlog\cl.read.1.tlog
c:\殷科的文件夹\newcode\myproject\opengltext\debug\opengltext.tlog\cl.write.1.tlog
c:\殷科的文件夹\newcode\myproject\opengltext\debug\opengltext.tlog\link.command.1.tlog
c:\殷科的文件夹\newcode\myproject\opengltext\debug\opengltext.tlog\link.read.1.tlog
c:\殷科的文件夹\newcode\myproject\opengltext\debug\opengltext.tlog\link.write.1.tlog
