c:\殷科的文件夹\study\sln\opengl实例源代码\justdoit1\justdoit\debug\vc141.pdb
c:\殷科的文件夹\study\sln\opengl实例源代码\justdoit1\justdoit\debug\myloader.obj
c:\殷科的文件夹\study\sln\opengl实例源代码\justdoit1\justdoit\debug\main.obj
c:\殷科的文件夹\study\sln\opengl实例源代码\opengl\myproject\drivecar\justdoit\debug\vc141.pdb
c:\殷科的文件夹\study\sln\opengl实例源代码\opengl\myproject\drivecar\justdoit\debug\myloader.obj
c:\殷科的文件夹\study\sln\opengl实例源代码\opengl\myproject\drivecar\justdoit\debug\main.obj
c:\殷科的文件夹\study\sln\opengl实例源代码\justdoit1\debug\justdoit.exe
c:\殷科的文件夹\study\sln\opengl实例源代码\justdoit1\debug\justdoit.ilk
c:\殷科的文件夹\study\sln\opengl实例源代码\justdoit1\debug\justdoit.pdb
c:\殷科的文件夹\study\sln\opengl实例源代码\opengl\myproject\debug\justdoit.ilk
c:\殷科的文件夹\study\sln\opengl实例源代码\opengl\myproject\debug\justdoit.exe
c:\殷科的文件夹\study\sln\opengl实例源代码\opengl\myproject\debug\justdoit.pdb
c:\殷科的文件夹\study\sln\opengl实例源代码\opengl\myproject\drivecar\justdoit\debug\main_1.obj
c:\殷科的文件夹\study\sln\opengl实例源代码\opengl\myproject\drivecar\justdoit\debug\myloader_1.obj
c:\殷科的文件夹\study\sln\opengl实例源代码\opengl\myproject\drivecar\justdoit\debug\justdoit.exe.intermediate.manifest
c:\殷科的文件夹\study\sln\opengl实例源代码\opengl\myproject\drivecar\justdoit\debug\justdoit.exe.intermediate_1.manifest
c:\殷科的文件夹\study\sln\opengl实例源代码\opengl\myproject\drivecar\justdoit\debug\vc80.idb
c:\殷科的文件夹\study\sln\opengl实例源代码\opengl\myproject\drivecar\justdoit\debug\vc80_1.idb
c:\殷科的文件夹\study\sln\opengl实例源代码\opengl\myproject\drivecar\debug\justdoit.pdb
c:\殷科的文件夹\study\sln\opengl实例源代码\opengl\myproject\drivecar\debug\justdoit.exe
c:\殷科的文件夹\study\sln\opengl实例源代码\opengl\myproject\drivecar\debug\justdoit.ilk
c:\殷科的文件夹\study\sln\opengl实例源代码\opengl\myproject\drivecar\justdoit\debug\justdoit.tlog\cl.command.1.tlog
c:\殷科的文件夹\study\sln\opengl实例源代码\opengl\myproject\drivecar\justdoit\debug\justdoit.tlog\cl.read.1.tlog
c:\殷科的文件夹\study\sln\opengl实例源代码\opengl\myproject\drivecar\justdoit\debug\justdoit.tlog\cl.write.1.tlog
c:\殷科的文件夹\study\sln\opengl实例源代码\opengl\myproject\drivecar\justdoit\debug\justdoit.tlog\link.command.1.tlog
c:\殷科的文件夹\study\sln\opengl实例源代码\opengl\myproject\drivecar\justdoit\debug\justdoit.tlog\link.read.1.tlog
c:\殷科的文件夹\study\sln\opengl实例源代码\opengl\myproject\drivecar\justdoit\debug\justdoit.tlog\link.write.1.tlog
